<?xml version="1.0" encoding="UTF-8"?>
<!-- Generated by org.testng.reporters.JUnitReportReporter -->
<testsuite skipped="0" hostname="DESKTOP-PV3D5P9" name="script.TestTwitter" tests="1" failures="0" timestamp="08 Sep 2018 11:41:32 GMT" time="6.976" errors="0">
  <testcase name="TwitterCheck" time="6.976" classname="script.TestTwitter"/>
</testsuite> <!-- script.TestTwitter -->
