<?xml version="1.0" encoding="UTF-8"?>
<!-- Generated by org.testng.reporters.JUnitReportReporter -->
<testsuite skipped="0" hostname="DESKTOP-PV3D5P9" name="script.TestInstagram" tests="1" failures="0" timestamp="08 Sep 2018 11:41:32 GMT" time="8.991" errors="0">
  <testcase name="InstagramCheck" time="8.991" classname="script.TestInstagram"/>
</testsuite> <!-- script.TestInstagram -->
