<?xml version="1.0" encoding="UTF-8"?>
<!-- Generated by org.testng.reporters.JUnitReportReporter -->
<testsuite skipped="0" hostname="DESKTOP-PV3D5P9" name="script.TestTwitter" tests="1" failures="0" timestamp="02 Sep 2018 11:37:50 GMT" time="6.169" errors="0">
  <testcase name="TwitterCheck" time="6.169" classname="script.TestTwitter"/>
</testsuite> <!-- script.TestTwitter -->
