<?xml version="1.0" encoding="UTF-8"?>
<!-- Generated by org.testng.reporters.JUnitReportReporter -->
<testsuite skipped="0" hostname="DESKTOP-PV3D5P9" name="script.TestInstagram" tests="1" failures="0" timestamp="02 Sep 2018 11:37:50 GMT" time="8.979" errors="0">
  <testcase name="InstagramCheck" time="8.979" classname="script.TestInstagram"/>
</testsuite> <!-- script.TestInstagram -->
