<?xml version="1.0" encoding="UTF-8"?>
<!-- Generated by org.testng.reporters.JUnitReportReporter -->
<testsuite skipped="0" hostname="DESKTOP-PV3D5P9" name="excel.ReadOddData" tests="1" failures="0" timestamp="01 Sep 2018 10:02:26 GMT" time="0.328" errors="0">
  <testcase name="Read" time="0.328" classname="excel.ReadOddData"/>
</testsuite> <!-- excel.ReadOddData -->
