<?xml version="1.0" encoding="UTF-8"?>
<!-- Generated by org.testng.reporters.JUnitReportReporter -->
<testsuite skipped="0" hostname="DESKTOP-PV3D5P9" name="scripts.TestFacebook" tests="2" failures="0" timestamp="25 Aug 2018 11:02:50 GMT" time="22.326" errors="0">
  <testcase name="FacebookCheck" time="10.415" classname="scripts.TestFacebook"/>
  <testcase name="FacebookCheck" time="11.911" classname="scripts.TestFacebook"/>
</testsuite> <!-- scripts.TestFacebook -->
