<?xml version="1.0" encoding="UTF-8"?>
<!-- Generated by org.testng.reporters.JUnitReportReporter -->
<testsuite skipped="0" hostname="DESKTOP-PV3D5P9" name="excel.WriteData" tests="1" failures="0" timestamp="01 Sep 2018 10:09:44 GMT" time="0.448" errors="0">
  <testcase name="write" time="0.448" classname="excel.WriteData"/>
</testsuite> <!-- excel.WriteData -->
