<?xml version="1.0" encoding="UTF-8"?>
<!-- Generated by org.testng.reporters.JUnitReportReporter -->
<testsuite skipped="0" hostname="DESKTOP-PV3D5P9" name="scripts.TestLinkedin" tests="2" failures="0" timestamp="25 Aug 2018 11:02:50 GMT" time="21.551" errors="0">
  <testcase name="LinkedinCheck" time="12.829" classname="scripts.TestLinkedin"/>
  <testcase name="LinkedinCheck" time="8.722" classname="scripts.TestLinkedin"/>
</testsuite> <!-- scripts.TestLinkedin -->
