<?xml version="1.0" encoding="UTF-8"?>
<!-- Generated by org.testng.reporters.JUnitReportReporter -->
<testsuite skipped="0" hostname="DESKTOP-PV3D5P9" name="scripts.TestInstagram" tests="2" failures="0" timestamp="25 Aug 2018 11:02:50 GMT" time="24.359" errors="0">
  <testcase name="InstagramCheck" time="10.512" classname="scripts.TestInstagram"/>
  <testcase name="InstagramCheck" time="13.847" classname="scripts.TestInstagram"/>
</testsuite> <!-- scripts.TestInstagram -->
