<?xml version="1.0" encoding="UTF-8"?>
<!-- Generated by org.testng.reporters.JUnitReportReporter -->
<testsuite skipped="0" hostname="DESKTOP-PV3D5P9" name="objectRepo.TestClass" tests="1" failures="0" timestamp="01 Sep 2018 10:36:51 GMT" time="3.804" errors="0">
  <testcase name="testChrome" time="3.804" classname="objectRepo.TestClass"/>
</testsuite> <!-- objectRepo.TestClass -->
