<?xml version="1.0" encoding="UTF-8"?>
<!-- Generated by org.testng.reporters.JUnitReportReporter -->
<testsuite skipped="0" hostname="DESKTOP-PV3D5P9" name="excel.CountRowsAndColumn" tests="1" failures="0" timestamp="01 Sep 2018 09:52:27 GMT" time="0.651" errors="0">
  <testcase name="Count" time="0.651" classname="excel.CountRowsAndColumn"/>
</testsuite> <!-- excel.CountRowsAndColumn -->
