<?xml version="1.0" encoding="UTF-8"?>
<!-- Generated by org.testng.reporters.JUnitReportReporter -->
<testsuite skipped="0" hostname="DESKTOP-PV3D5P9" name="dataProvider.ProvideData" tests="4" failures="0" timestamp="01 Sep 2018 10:47:13 GMT" time="0.009" errors="0">
  <testcase name="dataProviderTest" time="0.001" classname="dataProvider.ProvideData"/>
  <testcase name="dataProviderTest" time="0.005" classname="dataProvider.ProvideData"/>
  <testcase name="dataProviderTest" time="0.001" classname="dataProvider.ProvideData"/>
  <testcase name="dataProviderTest" time="0.002" classname="dataProvider.ProvideData"/>
</testsuite> <!-- dataProvider.ProvideData -->
