<?xml version="1.0" encoding="UTF-8"?>
<!-- Generated by org.testng.reporters.JUnitReportReporter -->
<testsuite skipped="0" hostname="DESKTOP-PV3D5P9" name="scripts.TestTwitter" tests="2" failures="0" timestamp="25 Aug 2018 11:02:50 GMT" time="25.506" errors="0">
  <testcase name="TwitterCheck" time="13.078" classname="scripts.TestTwitter"/>
  <testcase name="TwitterCheck" time="12.428" classname="scripts.TestTwitter"/>
</testsuite> <!-- scripts.TestTwitter -->
