<?xml version="1.0" encoding="UTF-8"?>
<!-- Generated by org.testng.reporters.JUnitReportReporter -->
<testsuite skipped="0" hostname="DESKTOP-PV3D5P9" name="objectRepo.ReadDataFromConfigFile" tests="1" failures="0" timestamp="01 Sep 2018 10:23:21 GMT" time="0.007" errors="0">
  <testcase name="Read" time="0.007" classname="objectRepo.ReadDataFromConfigFile"/>
</testsuite> <!-- objectRepo.ReadDataFromConfigFile -->
