<?xml version="1.0" encoding="UTF-8"?>
<!-- Generated by org.testng.reporters.JUnitReportReporter -->
<testsuite skipped="0" hostname="DESKTOP-PV3D5P9" name="scripts.CheckTwitter" tests="1" failures="0" timestamp="01 Sep 2018 11:37:18 GMT" time="6.576" errors="0">
  <testcase name="twitterTest" time="6.576" classname="scripts.CheckTwitter"/>
</testsuite> <!-- scripts.CheckTwitter -->
