<?xml version="1.0" encoding="UTF-8"?>
<!-- Generated by org.testng.reporters.JUnitReportReporter -->
<testsuite skipped="0" hostname="DESKTOP-PV3D5P9" name="scripts.CheckInstagram" tests="1" failures="0" timestamp="01 Sep 2018 11:37:18 GMT" time="9.229" errors="0">
  <testcase name="instagramTest" time="9.229" classname="scripts.CheckInstagram"/>
</testsuite> <!-- scripts.CheckInstagram -->
