<?xml version="1.0" encoding="UTF-8"?>
<!-- Generated by org.testng.reporters.JUnitReportReporter -->
<testsuite skipped="0" hostname="DESKTOP-PV3D5P9" name="scripts.CheckFacebook" tests="1" failures="0" timestamp="01 Sep 2018 11:37:18 GMT" time="10.833" errors="0">
  <testcase name="facebookTest" time="10.833" classname="scripts.CheckFacebook"/>
</testsuite> <!-- scripts.CheckFacebook -->
