<?xml version="1.0" encoding="UTF-8"?>
<!-- Generated by org.testng.reporters.JUnitReportReporter -->
<testsuite skipped="0" hostname="DESKTOP-PV3D5P9" name="testngDemo.Test2" tests="3" failures="0" timestamp="19 Aug 2018 09:55:56 GMT" time="0.008" errors="0">
  <testcase name="testCase1" time="0.006" classname="testngDemo.Test2"/>
  <testcase name="testCase2" time="0.001" classname="testngDemo.Test2"/>
  <testcase name="testCase3" time="0.001" classname="testngDemo.Test2"/>
</testsuite> <!-- testngDemo.Test2 -->
