<?xml version="1.0" encoding="UTF-8"?>
<!-- Generated by org.testng.reporters.JUnitReportReporter -->
<testsuite skipped="0" hostname="DESKTOP-PV3D5P9" name="testngDemo.Test1" tests="4" failures="0" timestamp="18 Aug 2018 11:45:56 GMT" time="0.010" errors="0">
  <testcase name="register" time="0.006" classname="testngDemo.Test1"/>
  <testcase name="login" time="0.002" classname="testngDemo.Test1"/>
  <testcase name="edit" time="0.001" classname="testngDemo.Test1"/>
  <testcase name="delete" time="0.001" classname="testngDemo.Test1"/>
</testsuite> <!-- testngDemo.Test1 -->
