<?xml version="1.0" encoding="UTF-8"?>
<!-- Generated by org.testng.reporters.JUnitReportReporter -->
<testsuite skipped="0" hostname="DESKTOP-PV3D5P9" name="support.Test2" tests="1" failures="0" timestamp="19 Aug 2018 11:16:53 GMT" time="12.283" errors="0">
  <testcase name="testcase" time="12.283" classname="support.Test2"/>
</testsuite> <!-- support.Test2 -->
