<?xml version="1.0" encoding="UTF-8"?>
<!-- Generated by org.testng.reporters.JUnitReportReporter -->
<testsuite skipped="0" hostname="DESKTOP-PV3D5P9" name="support.Test3" tests="1" failures="0" timestamp="19 Aug 2018 11:24:02 GMT" time="20.630" errors="0">
  <testcase name="testcase" time="20.630" classname="support.Test3"/>
</testsuite> <!-- support.Test3 -->
