<?xml version="1.0" encoding="UTF-8"?>
<!-- Generated by org.testng.reporters.JUnitReportReporter -->
<testsuite skipped="1" hostname="DESKTOP-PV3D5P9" name="testngDemo.Test1" tests="6" failures="0" timestamp="19 Aug 2018 09:33:45 GMT" time="0.016" errors="0">
  <testcase name="register" time="0.004" classname="testngDemo.Test1"/>
  <testcase name="login" time="0.004" classname="testngDemo.Test1"/>
  <testcase name="edit" time="0.004" classname="testngDemo.Test1"/>
  <testcase name="edit" time="0.002" classname="testngDemo.Test1"/>
  <testcase name="edit" time="0.002" classname="testngDemo.Test1"/>
  <testcase name="delete" classname="testngDemo.Test1">
    <skipped/>
  </testcase> <!-- delete -->
</testsuite> <!-- testngDemo.Test1 -->
