<?xml version="1.0" encoding="UTF-8"?>
<!-- Generated by org.testng.reporters.JUnitReportReporter -->
<testsuite skipped="0" hostname="DESKTOP-PV3D5P9" name="testngDemo.TestNGDemo" tests="1" failures="0" timestamp="18 Aug 2018 11:36:31 GMT" time="0.009" errors="0">
  <testcase name="method" time="0.009" classname="testngDemo.TestNGDemo"/>
</testsuite> <!-- testngDemo.TestNGDemo -->
