<?xml version="1.0" encoding="UTF-8"?>
<!-- Generated by org.testng.reporters.JUnitReportReporter -->
<testsuite skipped="0" hostname="DESKTOP-PV3D5P9" name="popups.ConfirmationHandling" tests="1" failures="0" timestamp="15 Sep 2018 09:58:19 GMT" time="13.162" errors="0">
  <testcase name="ConfirmationPopUp" time="13.162" classname="popups.ConfirmationHandling"/>
</testsuite> <!-- popups.ConfirmationHandling -->
