<?xml version="1.0" encoding="UTF-8"?>
<!-- Generated by org.testng.reporters.JUnitReportReporter -->
<testsuite skipped="0" hostname="DESKTOP-PV3D5P9" name="sikuli.FacebookTestUsingSikuli" tests="1" failures="0" timestamp="16 Sep 2018 09:46:17 GMT" time="14.444" errors="0">
  <testcase name="Facebook" time="14.444" classname="sikuli.FacebookTestUsingSikuli"/>
</testsuite> <!-- sikuli.FacebookTestUsingSikuli -->
