<?xml version="1.0" encoding="UTF-8"?>
<!-- Generated by org.testng.reporters.JUnitReportReporter -->
<testsuite skipped="0" hostname="DESKTOP-PV3D5P9" name="popups.AlertHandling" tests="1" failures="0" timestamp="15 Sep 2018 09:51:11 GMT" time="13.037" errors="0">
  <testcase name="AlertPopUp" time="13.037" classname="popups.AlertHandling"/>
</testsuite> <!-- popups.AlertHandling -->
