<?xml version="1.0" encoding="UTF-8"?>
<!-- Generated by org.testng.reporters.JUnitReportReporter -->
<testsuite skipped="0" hostname="DESKTOP-PV3D5P9" name="usingActionsClass.DragDrop" tests="1" failures="0" timestamp="15 Sep 2018 11:10:32 GMT" time="9.868" errors="0">
  <testcase name="Drag" time="9.868" classname="usingActionsClass.DragDrop"/>
</testsuite> <!-- usingActionsClass.DragDrop -->
