<?xml version="1.0" encoding="UTF-8"?>
<!-- Generated by org.testng.reporters.JUnitReportReporter -->
<testsuite skipped="0" hostname="DESKTOP-PV3D5P9" name="popups.NumberOfAllBrowsers" tests="1" failures="0" timestamp="15 Sep 2018 10:18:16 GMT" time="12.305" errors="0">
  <testcase name="AllBrowsers" time="12.305" classname="popups.NumberOfAllBrowsers"/>
</testsuite> <!-- popups.NumberOfAllBrowsers -->
