<?xml version="1.0" encoding="UTF-8"?>
<!-- Generated by org.testng.reporters.JUnitReportReporter -->
<testsuite skipped="0" hostname="DESKTOP-PV3D5P9" name="popups.CalendarHandling" tests="1" failures="0" timestamp="15 Sep 2018 10:06:35 GMT" time="20.194" errors="0">
  <testcase name="CalendarPopUp" time="20.194" classname="popups.CalendarHandling"/>
</testsuite> <!-- popups.CalendarHandling -->
