<?xml version="1.0" encoding="UTF-8"?>
<!-- Generated by org.testng.reporters.JUnitReportReporter -->
<testsuite skipped="0" hostname="DESKTOP-PV3D5P9" name="usingActionsClass.MouseHover" tests="1" failures="0" timestamp="15 Sep 2018 11:34:33 GMT" time="12.289" errors="0">
  <testcase name="MoveMousePointer" time="12.289" classname="usingActionsClass.MouseHover"/>
</testsuite> <!-- usingActionsClass.MouseHover -->
