<?xml version="1.0" encoding="UTF-8"?>
<!-- Generated by org.testng.reporters.JUnitReportReporter -->
<testsuite skipped="0" hostname="DESKTOP-PV3D5P9" name="popups.CloseChildBrowserOnly" tests="1" failures="0" timestamp="15 Sep 2018 10:25:19 GMT" time="11.360" errors="0">
  <testcase name="CloseChild" time="11.360" classname="popups.CloseChildBrowserOnly"/>
</testsuite> <!-- popups.CloseChildBrowserOnly -->
