<?xml version="1.0" encoding="UTF-8"?>
<!-- Generated by org.testng.reporters.JUnitReportReporter -->
<testsuite skipped="0" hostname="DESKTOP-PV3D5P9" name="usingRobotClass.MoveMousePointer" tests="1" failures="0" timestamp="15 Sep 2018 11:50:03 GMT" time="11.867" errors="0">
  <testcase name="mousePointer" time="11.867" classname="usingRobotClass.MoveMousePointer"/>
</testsuite> <!-- usingRobotClass.MoveMousePointer -->
