<?xml version="1.0" encoding="UTF-8"?>
<!-- Generated by org.testng.reporters.JUnitReportReporter -->
<testsuite skipped="0" hostname="DESKTOP-PV3D5P9" name="usingRobotClass.KeyPressRelease" tests="1" failures="0" timestamp="15 Sep 2018 11:42:41 GMT" time="16.848" errors="0">
  <testcase name="pressRelease" time="16.848" classname="usingRobotClass.KeyPressRelease"/>
</testsuite> <!-- usingRobotClass.KeyPressRelease -->
