<?xml version="1.0" encoding="UTF-8"?>
<!-- Generated by org.testng.reporters.JUnitReportReporter -->
<testsuite skipped="0" hostname="DESKTOP-PV3D5P9" name="popups.WindowBasedPopUp" tests="1" failures="0" timestamp="15 Sep 2018 10:55:13 GMT" time="7.089" errors="0">
  <testcase name="WindowPopUp" time="7.089" classname="popups.WindowBasedPopUp"/>
</testsuite> <!-- popups.WindowBasedPopUp -->
